<?xml version="1.0" encoding="UTF-8"?>
<!-- Generated by org.testng.reporters.JUnitXMLReporter -->
<testsuite hostname="LAPTOP-AE0FVLSR" ignored="0" name="Test" tests="3" failures="0" timestamp="30 Oct 2023 02:45:37 GMT" time="2.065" errors="0">
  <testcase name="postrequest" time="1.285" classname="com.orgdemo1.Demo7Test"/>
  <testcase name="postrequest" time="0.38" classname="com.orgdemo1.Demo8Test"/>
  <testcase name="getrequesttyepecode2" time="0.397" classname="com.orgdemo1.Demo6Test"/>
</testsuite> <!-- Test -->
