<?xml version="1.0" encoding="UTF-8"?>
<!-- Generated by org.testng.reporters.JUnitXMLReporter -->
<testsuite hostname="LAPTOP-AE0FVLSR" ignored="0" name="Test" tests="3" failures="0" timestamp="2023-10-25T22:37:16 EDT" time="5.007" errors="0">
  <testcase name="postrequest" time="4.191" classname="com.orgdemo1.Demo7Test"/>
  <testcase name="postrequest" time="0.357" classname="com.orgdemo1.Demo8Test"/>
  <testcase name="getrequesttyepecode2" time="0.405" classname="com.orgdemo1.Demo6Test"/>
</testsuite> <!-- Test -->
