<?xml version="1.0" encoding="UTF-8"?>
<!-- Generated by org.testng.reporters.JUnitXMLReporter -->
<testsuite hostname="LAPTOP-AE0FVLSR" ignored="0" name="Test" tests="3" failures="0" timestamp="30 Oct 2023 02:45:33 GMT" time="3.68" errors="0">
  <testcase name="getrequesttyepecode" time="2.892" classname="com.orgdemo1.Demo4Test"/>
  <testcase name="ravi" time="0.469" classname="com.orgdemo1.Demo3Test"/>
  <testcase name="shravs" time="0.29" classname="com.orgdemo1.Demo2Test"/>
</testsuite> <!-- Test -->
