<?xml version="1.0" encoding="UTF-8"?>
<testng-results skipped="0" failed="0" ignored="0" total="9" passed="9">
  <reporter-output>
  </reporter-output>
  <suite name="Suite" duration-ms="3680" started-at="2023-10-30T02:45:30Z" finished-at="2023-10-30T02:45:33Z">
    <groups>
    </groups>
    <test name="Test" duration-ms="3680" started-at="2023-10-30T02:45:30Z" finished-at="2023-10-30T02:45:33Z">
      <class name="com.orgdemo1.Demo4Test">
        <test-method status="PASS" signature="getrequesttyepecode()[pri:0, instance:com.orgdemo1.Demo4Test@6107227e]" name="getrequesttyepecode" duration-ms="2892" started-at="2023-10-30T02:45:30Z" finished-at="2023-10-30T02:45:33Z">
          <reporter-output>
          </reporter-output>
        </test-method> <!-- getrequesttyepecode -->
      </class> <!-- com.orgdemo1.Demo4Test -->
      <class name="com.orgdemo1.Demo2Test">
        <test-method status="PASS" signature="shravs()[pri:0, instance:com.orgdemo1.Demo2Test@15761df8]" name="shravs" duration-ms="290" started-at="2023-10-30T02:45:33Z" finished-at="2023-10-30T02:45:33Z">
          <reporter-output>
          </reporter-output>
        </test-method> <!-- shravs -->
      </class> <!-- com.orgdemo1.Demo2Test -->
      <class name="com.orgdemo1.Demo3Test">
        <test-method status="PASS" signature="ravi()[pri:0, instance:com.orgdemo1.Demo3Test@7c417213]" name="ravi" duration-ms="469" started-at="2023-10-30T02:45:33Z" finished-at="2023-10-30T02:45:33Z">
          <reporter-output>
          </reporter-output>
        </test-method> <!-- ravi -->
      </class> <!-- com.orgdemo1.Demo3Test -->
    </test> <!-- Test -->
  </suite> <!-- Suite -->
  <suite name="Suite (1)" duration-ms="2065" started-at="2023-10-30T02:45:35Z" finished-at="2023-10-30T02:45:37Z">
    <groups>
    </groups>
    <test name="Test" duration-ms="2065" started-at="2023-10-30T02:45:35Z" finished-at="2023-10-30T02:45:37Z">
      <class name="com.orgdemo1.Demo6Test">
        <test-method status="PASS" signature="getrequesttyepecode2()[pri:0, instance:com.orgdemo1.Demo6Test@2133814f]" name="getrequesttyepecode2" duration-ms="397" started-at="2023-10-30T02:45:36Z" finished-at="2023-10-30T02:45:37Z">
          <reporter-output>
          </reporter-output>
        </test-method> <!-- getrequesttyepecode2 -->
      </class> <!-- com.orgdemo1.Demo6Test -->
      <class name="com.orgdemo1.Demo8Test">
        <test-method status="PASS" signature="postrequest()[pri:0, instance:com.orgdemo1.Demo8Test@70be0a2b]" name="postrequest" duration-ms="380" started-at="2023-10-30T02:45:36Z" finished-at="2023-10-30T02:45:36Z">
          <reporter-output>
          </reporter-output>
        </test-method> <!-- postrequest -->
      </class> <!-- com.orgdemo1.Demo8Test -->
      <class name="com.orgdemo1.Demo7Test">
        <test-method status="PASS" signature="postrequest()[pri:0, instance:com.orgdemo1.Demo7Test@f8c1ddd]" name="postrequest" duration-ms="1285" started-at="2023-10-30T02:45:35Z" finished-at="2023-10-30T02:45:36Z">
          <reporter-output>
          </reporter-output>
        </test-method> <!-- postrequest -->
      </class> <!-- com.orgdemo1.Demo7Test -->
    </test> <!-- Test -->
  </suite> <!-- Suite (1) -->
  <suite name="Suite (0)" duration-ms="1038" started-at="2023-10-30T02:45:33Z" finished-at="2023-10-30T02:45:34Z">
    <groups>
    </groups>
    <test name="Test" duration-ms="1038" started-at="2023-10-30T02:45:33Z" finished-at="2023-10-30T02:45:34Z">
      <class name="com.orgdemo1.Demo5Test">
        <test-method status="PASS" signature="getrequesttyepecode1()[pri:0, instance:com.orgdemo1.Demo5Test@402e37bc]" name="getrequesttyepecode1" duration-ms="274" started-at="2023-10-30T02:45:34Z" finished-at="2023-10-30T02:45:34Z">
          <reporter-output>
          </reporter-output>
        </test-method> <!-- getrequesttyepecode1 -->
      </class> <!-- com.orgdemo1.Demo5Test -->
      <class name="com.orgdemo1.Demo4Test">
        <test-method status="PASS" signature="getrequesttyepecode()[pri:0, instance:com.orgdemo1.Demo4Test@197d671]" name="getrequesttyepecode" duration-ms="397" started-at="2023-10-30T02:45:33Z" finished-at="2023-10-30T02:45:34Z">
          <reporter-output>
          </reporter-output>
        </test-method> <!-- getrequesttyepecode -->
      </class> <!-- com.orgdemo1.Demo4Test -->
      <class name="com.orgdemo1.Demo6Test">
        <test-method status="PASS" signature="getrequesttyepecode2()[pri:0, instance:com.orgdemo1.Demo6Test@79ad8b2f]" name="getrequesttyepecode2" duration-ms="365" started-at="2023-10-30T02:45:34Z" finished-at="2023-10-30T02:45:34Z">
          <reporter-output>
          </reporter-output>
        </test-method> <!-- getrequesttyepecode2 -->
      </class> <!-- com.orgdemo1.Demo6Test -->
    </test> <!-- Test -->
  </suite> <!-- Suite (0) -->
</testng-results>
