<?xml version="1.0" encoding="UTF-8"?>
<!-- Generated by org.testng.reporters.JUnitXMLReporter -->
<testsuite hostname="LAPTOP-AE0FVLSR" ignored="0" name="Test" tests="3" failures="0" timestamp="30 Oct 2023 02:45:35 GMT" time="1.038" errors="0">
  <testcase name="getrequesttyepecode" time="0.397" classname="com.orgdemo1.Demo4Test"/>
  <testcase name="getrequesttyepecode1" time="0.274" classname="com.orgdemo1.Demo5Test"/>
  <testcase name="getrequesttyepecode2" time="0.365" classname="com.orgdemo1.Demo6Test"/>
</testsuite> <!-- Test -->
